<?xml version="1.0" encoding="UTF-8"?>
<testsuite xmlns:xsi="http://www.w3.org/2001/XMLSchema-instance" xsi:noNamespaceSchemaLocation="https://maven.apache.org/surefire/maven-surefire-plugin/xsd/surefire-test-report-3.0.xsd" version="3.0" name="com.gpads.moringa.MoringaApplicationTests" time="4.33" tests="1" errors="0" skipped="0" failures="0">
  <properties>
[...]
</properties>
  <testcase name="contextLoads" classname="com.gpads.moringa.MoringaApplicationTests" time="0.014">
    <system-out><![CDATA[20:21:49.612 [main] INFO org.springframework.test.context.support.AnnotationConfigContextLoaderUtils -- Could not detect default configuration classes for test class [com.gpads.moringa.MoringaApplicationTests]: MoringaApplicationTests does not declare any static, non-private, non-final, nested classes annotated with @Configuration.
20:21:49.782 [main] INFO org.springframework.boot.test.context.SpringBootTestContextBootstrapper -- Found @SpringBootConfiguration com.gpads.moringa.MoringaApplication for test class com.gpads.moringa.MoringaApplicationTests
20:21:50.097 [main] INFO org.springframework.boot.devtools.restart.RestartApplicationListener -- Restart disabled due to context in which it is running

  .   ____          _            __ _ _
 /\\ / ___'_ __ _ _(_)_ __  __ _ \ \ \ \
( ( )\___ | '_ | '_| | '_ \/ _` | \ \ \ \
 \\/  ___)| |_)| | | | | || (_| |  ) ) ) )
  '  |____| .__|_| |_|_| |_\__, | / / / /
 =========|_|==============|___/=/_/_/_/

 :: Spring Boot ::               (v3.3.12)

2025-06-12T20:21:50.608Z  INFO 61260 --- [moringa] [           main] c.gpads.moringa.MoringaApplicationTests  : Starting MoringaApplicationTests using Java 17.0.15 with PID 61260 (started by codespace in /workspaces/Spring-Moringa)
2025-06-12T20:21:50.615Z  INFO 61260 --- [moringa] [           main] c.gpads.moringa.MoringaApplicationTests  : No active profile set, falling back to 1 default profile: "default"
2025-06-12T20:21:51.588Z  INFO 61260 --- [moringa] [           main] .s.d.r.c.RepositoryConfigurationDelegate : Bootstrapping Spring Data MongoDB repositories in DEFAULT mode.
2025-06-12T20:21:51.659Z  INFO 61260 --- [moringa] [           main] .s.d.r.c.RepositoryConfigurationDelegate : Finished Spring Data repository scanning in 66 ms. Found 5 MongoDB repository interfaces.
2025-06-12T20:21:52.241Z  INFO 61260 --- [moringa] [           main] org.mongodb.driver.client                : MongoClient with metadata {"application": {"name": "Cluster0"}, "driver": {"name": "mongo-java-driver|sync|spring-boot", "version": "5.0.1"}, "os": {"type": "Linux", "name": "Linux", "architecture": "amd64", "version": "6.8.0-1027-azure"}, "platform": "Java/Ubuntu/17.0.15+6-Ubuntu-0ubuntu120.04", "env": {"container": {"runtime": "docker"}}} created with settings MongoClientSettings{readPreference=primary, writeConcern=WriteConcern{w=majority, wTimeout=null ms, journal=null}, retryWrites=true, retryReads=true, readConcern=ReadConcern{level=null}, credential=MongoCredential{mechanism=null, userName='phpvn', source='admin', password=<hidden>, mechanismProperties=<hidden>}, transportSettings=null, commandListeners=[], codecRegistry=ProvidersCodecRegistry{codecProviders=[ValueCodecProvider{}, BsonValueCodecProvider{}, DBRefCodecProvider{}, DBObjectCodecProvider{}, DocumentCodecProvider{}, CollectionCodecProvider{}, IterableCodecProvider{}, MapCodecProvider{}, GeoJsonCodecProvider{}, GridFSFileCodecProvider{}, Jsr310CodecProvider{}, JsonObjectCodecProvider{}, BsonCodecProvider{}, EnumCodecProvider{}, com.mongodb.client.model.mql.ExpressionCodecProvider@71ad959b, com.mongodb.Jep395RecordCodecProvider@1d7c9811, com.mongodb.KotlinCodecProvider@3b362f1]}, loggerSettings=LoggerSettings{maxDocumentLength=1000}, clusterSettings={hosts=[127.0.0.1:27017], srvHost=cluster0.u9irlhy.mongodb.net, srvServiceName=mongodb, mode=MULTIPLE, requiredClusterType=REPLICA_SET, requiredReplicaSetName='atlas-80v4oo-shard-0', serverSelector='null', clusterListeners='[]', serverSelectionTimeout='30000 ms', localThreshold='15 ms'}, socketSettings=SocketSettings{connectTimeoutMS=10000, readTimeoutMS=0, receiveBufferSize=0, proxySettings=ProxySettings{host=null, port=null, username=null, password=null}}, heartbeatSocketSettings=SocketSettings{connectTimeoutMS=10000, readTimeoutMS=10000, receiveBufferSize=0, proxySettings=ProxySettings{host=null, port=null, username=null, password=null}}, connectionPoolSettings=ConnectionPoolSettings{maxSize=100, minSize=0, maxWaitTimeMS=120000, maxConnectionLifeTimeMS=0, maxConnectionIdleTimeMS=0, maintenanceInitialDelayMS=0, maintenanceFrequencyMS=60000, connectionPoolListeners=[], maxConnecting=2}, serverSettings=ServerSettings{heartbeatFrequencyMS=10000, minHeartbeatFrequencyMS=500, serverListeners='[]', serverMonitorListeners='[]'}, sslSettings=SslSettings{enabled=true, invalidHostNameAllowed=false, context=null}, applicationName='Cluster0', compressorList=[], uuidRepresentation=JAVA_LEGACY, serverApi=null, autoEncryptionSettings=null, dnsClient=null, inetAddressResolver=null, contextProvider=null}
2025-06-12T20:21:52.420Z  INFO 61260 --- [moringa] [lhy.mongodb.net] org.mongodb.driver.cluster               : Adding discovered server ac-spk8gf0-shard-00-02.u9irlhy.mongodb.net:27017 to client view of cluster
2025-06-12T20:21:52.473Z  INFO 61260 --- [moringa] [lhy.mongodb.net] org.mongodb.driver.cluster               : Adding discovered server ac-spk8gf0-shard-00-00.u9irlhy.mongodb.net:27017 to client view of cluster
2025-06-12T20:21:52.490Z  INFO 61260 --- [moringa] [lhy.mongodb.net] org.mongodb.driver.cluster               : Adding discovered server ac-spk8gf0-shard-00-01.u9irlhy.mongodb.net:27017 to client view of cluster
2025-06-12T20:21:53.284Z  INFO 61260 --- [moringa] [ngodb.net:27017] org.mongodb.driver.cluster               : Monitor thread successfully connected to server with description ServerDescription{address=ac-spk8gf0-shard-00-00.u9irlhy.mongodb.net:27017, type=REPLICA_SET_SECONDARY, state=CONNECTED, ok=true, minWireVersion=0, maxWireVersion=25, maxDocumentSize=16777216, logicalSessionTimeoutMinutes=30, roundTripTimeNanos=376129923, setName='atlas-80v4oo-shard-0', canonicalAddress=ac-spk8gf0-shard-00-00.u9irlhy.mongodb.net:27017, hosts=[ac-spk8gf0-shard-00-01.u9irlhy.mongodb.net:27017, ac-spk8gf0-shard-00-00.u9irlhy.mongodb.net:27017, ac-spk8gf0-shard-00-02.u9irlhy.mongodb.net:27017], passives=[], arbiters=[], primary='ac-spk8gf0-shard-00-01.u9irlhy.mongodb.net:27017', tagSet=TagSet{[Tag{name='availabilityZone', value='use1-az6'}, Tag{name='diskState', value='READY'}, Tag{name='nodeType', value='ELECTABLE'}, Tag{name='provider', value='AWS'}, Tag{name='region', value='US_EAST_1'}, Tag{name='workloadType', value='OPERATIONAL'}]}, electionId=null, setVersion=167, topologyVersion=TopologyVersion{processId=68473064686fe2bbaf3871ee, counter=4}, lastWriteDate=Thu Jun 12 20:21:53 UTC 2025, lastUpdateTimeNanos=5253449472141}
2025-06-12T20:21:53.286Z  INFO 61260 --- [moringa] [ngodb.net:27017] org.mongodb.driver.cluster               : Monitor thread successfully connected to server with description ServerDescription{address=ac-spk8gf0-shard-00-01.u9irlhy.mongodb.net:27017, type=REPLICA_SET_PRIMARY, state=CONNECTED, ok=true, minWireVersion=0, maxWireVersion=25, maxDocumentSize=16777216, logicalSessionTimeoutMinutes=30, roundTripTimeNanos=372913474, setName='atlas-80v4oo-shard-0', canonicalAddress=ac-spk8gf0-shard-00-01.u9irlhy.mongodb.net:27017, hosts=[ac-spk8gf0-shard-00-01.u9irlhy.mongodb.net:27017, ac-spk8gf0-shard-00-00.u9irlhy.mongodb.net:27017, ac-spk8gf0-shard-00-02.u9irlhy.mongodb.net:27017], passives=[], arbiters=[], primary='ac-spk8gf0-shard-00-01.u9irlhy.mongodb.net:27017', tagSet=TagSet{[Tag{name='availabilityZone', value='use1-az1'}, Tag{name='diskState', value='READY'}, Tag{name='nodeType', value='ELECTABLE'}, Tag{name='provider', value='AWS'}, Tag{name='region', value='US_EAST_1'}, Tag{name='workloadType', value='OPERATIONAL'}]}, electionId=7fffffff000000000000054d, setVersion=167, topologyVersion=TopologyVersion{processId=684730ac7f48d3187c909f63, counter=6}, lastWriteDate=Thu Jun 12 20:21:53 UTC 2025, lastUpdateTimeNanos=5253446983431}
2025-06-12T20:21:53.286Z  INFO 61260 --- [moringa] [ngodb.net:27017] org.mongodb.driver.cluster               : Monitor thread successfully connected to server with description ServerDescription{address=ac-spk8gf0-shard-00-02.u9irlhy.mongodb.net:27017, type=REPLICA_SET_SECONDARY, state=CONNECTED, ok=true, minWireVersion=0, maxWireVersion=25, maxDocumentSize=16777216, logicalSessionTimeoutMinutes=30, roundTripTimeNanos=377740316, setName='atlas-80v4oo-shard-0', canonicalAddress=ac-spk8gf0-shard-00-02.u9irlhy.mongodb.net:27017, hosts=[ac-spk8gf0-shard-00-01.u9irlhy.mongodb.net:27017, ac-spk8gf0-shard-00-00.u9irlhy.mongodb.net:27017, ac-spk8gf0-shard-00-02.u9irlhy.mongodb.net:27017], passives=[], arbiters=[], primary='ac-spk8gf0-shard-00-01.u9irlhy.mongodb.net:27017', tagSet=TagSet{[Tag{name='availabilityZone', value='use1-az2'}, Tag{name='diskState', value='READY'}, Tag{name='nodeType', value='ELECTABLE'}, Tag{name='provider', value='AWS'}, Tag{name='region', value='US_EAST_1'}, Tag{name='workloadType', value='OPERATIONAL'}]}, electionId=null, setVersion=167, topologyVersion=TopologyVersion{processId=684730f458a54abf9278494a, counter=3}, lastWriteDate=Thu Jun 12 20:21:53 UTC 2025, lastUpdateTimeNanos=5253448735457}
2025-06-12T20:21:53.291Z  INFO 61260 --- [moringa] [ngodb.net:27017] org.mongodb.driver.cluster               : Discovered replica set primary ac-spk8gf0-shard-00-01.u9irlhy.mongodb.net:27017 with max election id 7fffffff000000000000054d and max set version 167
2025-06-12T20:21:53.644Z  INFO 61260 --- [moringa] [           main] c.gpads.moringa.MoringaApplicationTests  : Started MoringaApplicationTests in 3.572 seconds (process running for 6.886)
]]></system-out>
  </testcase>
</testsuite>